c:\users\vincent\documents\visual studio 2015\projects\doubliquetostrinque\doubliquetostrinque\x64\release\
c:\users\vincent\documents\visual studio 2015\projects\doubliquetostrinque\doubliquetostrinque\x64\release\vc140.pdb
c:\users\vincent\documents\visual studio 2015\projects\doubliquetostrinque\doubliquetostrinque\x64\release\source.obj
c:\users\vincent\documents\visual studio 2015\projects\doubliquetostrinque\x64\release\doubliquetostrinque.exe
c:\users\vincent\documents\visual studio 2015\projects\doubliquetostrinque\x64\release\doubliquetostrinque.ipdb
c:\users\vincent\documents\visual studio 2015\projects\doubliquetostrinque\x64\release\doubliquetostrinque.iobj
c:\users\vincent\documents\visual studio 2015\projects\doubliquetostrinque\x64\release\doubliquetostrinque.pdb
d:\development und frustration\asmique\doubliquetostrinque\doubliquetostrinque\x64\release\anothersource.obj
d:\development und frustration\asmique\doubliquetostrinque\doubliquetostrinque\x64\release\doubleasmiquetostr.obj
d:\development und frustration\asmique\doubliquetostrinque\doubliquetostrinque\x64\release\otherasm.obj
d:\development und frustration\asmique\doubliquetostrinque\doubliquetostrinque\x64\release\source.obj
d:\development und frustration\asmique\doubliquetostrinque\doubliquetostrinque\x64\release\doubliquetostrinque.write.1.tlog
d:\development und frustration\asmique\doubliquetostrinque\doubliquetostrinque\x64\release\vc140.pdb
d:\development und frustration\asmique\doubliquetostrinque\x64\release\doubliquetostrinque.pdb
d:\development und frustration\asmique\doubliquetostrinque\doubliquetostrinque\x64\release\doubliqu.45abde42.tlog\cl.command.1.tlog
d:\development und frustration\asmique\doubliquetostrinque\doubliquetostrinque\x64\release\doubliqu.45abde42.tlog\cl.read.1.tlog
d:\development und frustration\asmique\doubliquetostrinque\doubliquetostrinque\x64\release\doubliqu.45abde42.tlog\cl.write.1.tlog
d:\development und frustration\asmique\doubliquetostrinque\doubliquetostrinque\x64\release\doubliqu.45abde42.tlog\link-cvtres.read.1.tlog
d:\development und frustration\asmique\doubliquetostrinque\doubliquetostrinque\x64\release\doubliqu.45abde42.tlog\link-cvtres.write.1.tlog
d:\development und frustration\asmique\doubliquetostrinque\doubliquetostrinque\x64\release\doubliqu.45abde42.tlog\link-rc.read.1.tlog
d:\development und frustration\asmique\doubliquetostrinque\doubliquetostrinque\x64\release\doubliqu.45abde42.tlog\link-rc.write.1.tlog
d:\development und frustration\asmique\doubliquetostrinque\doubliquetostrinque\x64\release\doubliqu.45abde42.tlog\link.command.1.tlog
d:\development und frustration\asmique\doubliquetostrinque\doubliquetostrinque\x64\release\doubliqu.45abde42.tlog\link.read.1.tlog
d:\development und frustration\asmique\doubliquetostrinque\doubliquetostrinque\x64\release\doubliqu.45abde42.tlog\link.write.1.tlog
